2025-04-12 10:33:50 [main] INFO  r.b.t.T1SchoolLearnApplication - Starting T1SchoolLearnApplication using Java 17.0.8 with PID 62700 (/Users/vadimbabich/Desktop/INTELIJ PROJECTS/t1-school-learn/build/classes/java/main started by vadimbabich in /Users/vadimbabich/Desktop/INTELIJ PROJECTS/t1-school-learn)
2025-04-12 10:33:50 [main] DEBUG r.b.t.T1SchoolLearnApplication - Running with Spring Boot v3.3.2, Spring v6.1.11
2025-04-12 10:33:50 [main] INFO  r.b.t.T1SchoolLearnApplication - No active profile set, falling back to 1 default profile: "default"
2025-04-12 10:33:51 [main] INFO  o.s.d.r.c.RepositoryConfigurationDelegate - Bootstrapping Spring Data JPA repositories in DEFAULT mode.
2025-04-12 10:33:51 [main] INFO  o.s.d.r.c.RepositoryConfigurationDelegate - Finished Spring Data repository scanning in 48 ms. Found 1 JPA repository interface.
2025-04-12 10:33:52 [main] INFO  o.s.b.w.e.tomcat.TomcatWebServer - Tomcat initialized with port 8080 (http)
2025-04-12 10:33:52 [main] INFO  o.a.catalina.core.StandardService - Starting service [Tomcat]
2025-04-12 10:33:52 [main] INFO  o.a.catalina.core.StandardEngine - Starting Servlet engine: [Apache Tomcat/10.1.26]
2025-04-12 10:33:52 [main] INFO  o.a.c.c.C.[Tomcat].[localhost].[/] - Initializing Spring embedded WebApplicationContext
2025-04-12 10:33:52 [main] INFO  o.s.b.w.s.c.ServletWebServerApplicationContext - Root WebApplicationContext: initialization completed in 1535 ms
2025-04-12 10:33:52 [main] DEBUG o.s.jdbc.datasource.DataSourceUtils - Fetching JDBC Connection from DataSource
2025-04-12 10:33:52 [main] INFO  com.zaxxer.hikari.HikariDataSource - HikariPool-1 - Starting...
2025-04-12 10:33:52 [main] INFO  com.zaxxer.hikari.pool.HikariPool - HikariPool-1 - Added connection org.postgresql.jdbc.PgConnection@14c99bf6
2025-04-12 10:33:52 [main] INFO  com.zaxxer.hikari.HikariDataSource - HikariPool-1 - Start completed.
2025-04-12 10:33:52 [main] DEBUG o.s.jdbc.datasource.init.ScriptUtils - Executing SQL script from file [/Users/vadimbabich/Desktop/INTELIJ PROJECTS/t1-school-learn/build/resources/main/data.sql]
2025-04-12 10:33:52 [main] DEBUG o.s.jdbc.datasource.init.ScriptUtils - 0 returned as update count for SQL: CREATE TABLE IF NOT EXISTS tasks ( id BIGINT PRIMARY KEY GENERATED BY DEFAULT AS IDENTITY, title VARCHAR(255) NOT NULL, description VARCHAR(255), user_id BIGINT )
2025-04-12 10:33:52 [main] DEBUG o.s.jdbc.datasource.init.ScriptUtils - SQLWarning ignored: SQL state '42P07', error code '0', message [relation "tasks" already exists, skipping]
2025-04-12 10:33:52 [main] DEBUG o.s.jdbc.datasource.init.ScriptUtils - 5 returned as update count for SQL: INSERT INTO tasks (title, description, user_id) VALUES ('Задача 1', 'Описание задачи 1', 101), ('Задача 2', 'Описание задачи 2', 102), ('Задача 3', 'Описание задачи 3', 103), ('Задача 4', 'Описание задачи 4', 104), ('Задача 5', 'Описание задачи 5', 105)
2025-04-12 10:33:52 [main] DEBUG o.s.jdbc.datasource.init.ScriptUtils - Executed SQL script from file [/Users/vadimbabich/Desktop/INTELIJ PROJECTS/t1-school-learn/build/resources/main/data.sql] in 30 ms.
2025-04-12 10:33:52 [main] INFO  o.h.jpa.internal.util.LogHelper - HHH000204: Processing PersistenceUnitInfo [name: default]
2025-04-12 10:33:52 [main] INFO  org.hibernate.Version - HHH000412: Hibernate ORM core version 6.5.2.Final
2025-04-12 10:33:52 [main] INFO  o.h.c.i.RegionFactoryInitiator - HHH000026: Second-level cache disabled
2025-04-12 10:33:52 [main] INFO  o.s.o.j.p.SpringPersistenceUnitInfo - No LoadTimeWeaver setup: ignoring JPA class transformer
2025-04-12 10:33:53 [main] ERROR o.s.o.j.LocalContainerEntityManagerFactoryBean - Failed to initialize JPA EntityManagerFactory: Property 'ru.babich.t1schoollearn.model.Task.status' is annotated '@Enumerated' but its type 'java.lang.String' is not an enum
2025-04-12 10:33:53 [main] WARN  o.s.b.w.s.c.AnnotationConfigServletWebServerApplicationContext - Exception encountered during context initialization - cancelling refresh attempt: org.springframework.beans.factory.BeanCreationException: Error creating bean with name 'entityManagerFactory' defined in class path resource [org/springframework/boot/autoconfigure/orm/jpa/HibernateJpaConfiguration.class]: Property 'ru.babich.t1schoollearn.model.Task.status' is annotated '@Enumerated' but its type 'java.lang.String' is not an enum
2025-04-12 10:33:53 [main] INFO  com.zaxxer.hikari.HikariDataSource - HikariPool-1 - Shutdown initiated...
2025-04-12 10:33:53 [main] INFO  com.zaxxer.hikari.HikariDataSource - HikariPool-1 - Shutdown completed.
2025-04-12 10:33:53 [main] INFO  o.a.catalina.core.StandardService - Stopping service [Tomcat]
2025-04-12 10:33:53 [main] INFO  o.s.b.a.l.ConditionEvaluationReportLogger - 

Error starting ApplicationContext. To display the condition evaluation report re-run your application with 'debug' enabled.
2025-04-12 10:33:53 [main] ERROR o.s.boot.SpringApplication - Application run failed
org.springframework.beans.factory.BeanCreationException: Error creating bean with name 'entityManagerFactory' defined in class path resource [org/springframework/boot/autoconfigure/orm/jpa/HibernateJpaConfiguration.class]: Property 'ru.babich.t1schoollearn.model.Task.status' is annotated '@Enumerated' but its type 'java.lang.String' is not an enum
	at org.springframework.beans.factory.support.AbstractAutowireCapableBeanFactory.initializeBean(AbstractAutowireCapableBeanFactory.java:1806)
	at org.springframework.beans.factory.support.AbstractAutowireCapableBeanFactory.doCreateBean(AbstractAutowireCapableBeanFactory.java:600)
	at org.springframework.beans.factory.support.AbstractAutowireCapableBeanFactory.createBean(AbstractAutowireCapableBeanFactory.java:522)
	at org.springframework.beans.factory.support.AbstractBeanFactory.lambda$doGetBean$0(AbstractBeanFactory.java:337)
	at org.springframework.beans.factory.support.DefaultSingletonBeanRegistry.getSingleton(DefaultSingletonBeanRegistry.java:234)
	at org.springframework.beans.factory.support.AbstractBeanFactory.doGetBean(AbstractBeanFactory.java:335)
	at org.springframework.beans.factory.support.AbstractBeanFactory.getBean(AbstractBeanFactory.java:205)
	at org.springframework.context.support.AbstractApplicationContext.finishBeanFactoryInitialization(AbstractApplicationContext.java:954)
	at org.springframework.context.support.AbstractApplicationContext.refresh(AbstractApplicationContext.java:625)
	at org.springframework.boot.web.servlet.context.ServletWebServerApplicationContext.refresh(ServletWebServerApplicationContext.java:146)
	at org.springframework.boot.SpringApplication.refresh(SpringApplication.java:754)
	at org.springframework.boot.SpringApplication.refreshContext(SpringApplication.java:456)
	at org.springframework.boot.SpringApplication.run(SpringApplication.java:335)
	at org.springframework.boot.SpringApplication.run(SpringApplication.java:1363)
	at org.springframework.boot.SpringApplication.run(SpringApplication.java:1352)
	at ru.babich.t1schoollearn.T1SchoolLearnApplication.main(T1SchoolLearnApplication.java:22)
Caused by: org.hibernate.AnnotationException: Property 'ru.babich.t1schoollearn.model.Task.status' is annotated '@Enumerated' but its type 'java.lang.String' is not an enum
	at org.hibernate.boot.model.internal.BasicValueBinder.prepareBasicAttribute(BasicValueBinder.java:814)
	at org.hibernate.boot.model.internal.BasicValueBinder.setType(BasicValueBinder.java:384)
	at org.hibernate.boot.model.internal.PropertyBinder.makePropertyAndValue(PropertyBinder.java:260)
	at org.hibernate.boot.model.internal.PropertyBinder.makePropertyValueAndBind(PropertyBinder.java:300)
	at org.hibernate.boot.model.internal.PropertyBinder.createBasicBinder(PropertyBinder.java:1194)
	at org.hibernate.boot.model.internal.PropertyBinder.bindBasic(PropertyBinder.java:1087)
	at org.hibernate.boot.model.internal.PropertyBinder.bindProperty(PropertyBinder.java:903)
	at org.hibernate.boot.model.internal.PropertyBinder.buildProperty(PropertyBinder.java:801)
	at org.hibernate.boot.model.internal.PropertyBinder.processElementAnnotations(PropertyBinder.java:722)
	at org.hibernate.boot.model.internal.EntityBinder.processIdPropertiesIfNotAlready(EntityBinder.java:1083)
	at org.hibernate.boot.model.internal.EntityBinder.handleIdentifier(EntityBinder.java:416)
	at org.hibernate.boot.model.internal.EntityBinder.bindEntityClass(EntityBinder.java:248)
	at org.hibernate.boot.model.internal.AnnotationBinder.bindClass(AnnotationBinder.java:399)
	at org.hibernate.boot.model.source.internal.annotations.AnnotationMetadataSourceProcessorImpl.processEntityHierarchies(AnnotationMetadataSourceProcessorImpl.java:259)
	at org.hibernate.boot.model.process.spi.MetadataBuildingProcess$1.processEntityHierarchies(MetadataBuildingProcess.java:281)
	at org.hibernate.boot.model.process.spi.MetadataBuildingProcess.complete(MetadataBuildingProcess.java:324)
	at org.hibernate.jpa.boot.internal.EntityManagerFactoryBuilderImpl.metadata(EntityManagerFactoryBuilderImpl.java:1431)
	at org.hibernate.jpa.boot.internal.EntityManagerFactoryBuilderImpl.build(EntityManagerFactoryBuilderImpl.java:1502)
	at org.springframework.orm.jpa.vendor.SpringHibernateJpaPersistenceProvider.createContainerEntityManagerFactory(SpringHibernateJpaPersistenceProvider.java:75)
	at org.springframework.orm.jpa.LocalContainerEntityManagerFactoryBean.createNativeEntityManagerFactory(LocalContainerEntityManagerFactoryBean.java:390)
	at org.springframework.orm.jpa.AbstractEntityManagerFactoryBean.buildNativeEntityManagerFactory(AbstractEntityManagerFactoryBean.java:409)
	at org.springframework.orm.jpa.AbstractEntityManagerFactoryBean.afterPropertiesSet(AbstractEntityManagerFactoryBean.java:396)
	at org.springframework.orm.jpa.LocalContainerEntityManagerFactoryBean.afterPropertiesSet(LocalContainerEntityManagerFactoryBean.java:366)
	at org.springframework.beans.factory.support.AbstractAutowireCapableBeanFactory.invokeInitMethods(AbstractAutowireCapableBeanFactory.java:1853)
	at org.springframework.beans.factory.support.AbstractAutowireCapableBeanFactory.initializeBean(AbstractAutowireCapableBeanFactory.java:1802)
	... 15 common frames omitted
2025-04-12 10:36:06 [main] INFO  r.b.t.T1SchoolLearnApplication - Starting T1SchoolLearnApplication using Java 17.0.8 with PID 62749 (/Users/vadimbabich/Desktop/INTELIJ PROJECTS/t1-school-learn/build/classes/java/main started by vadimbabich in /Users/vadimbabich/Desktop/INTELIJ PROJECTS/t1-school-learn)
2025-04-12 10:36:06 [main] DEBUG r.b.t.T1SchoolLearnApplication - Running with Spring Boot v3.3.2, Spring v6.1.11
2025-04-12 10:36:06 [main] INFO  r.b.t.T1SchoolLearnApplication - No active profile set, falling back to 1 default profile: "default"
2025-04-12 10:36:07 [main] INFO  o.s.d.r.c.RepositoryConfigurationDelegate - Bootstrapping Spring Data JPA repositories in DEFAULT mode.
2025-04-12 10:36:07 [main] INFO  o.s.d.r.c.RepositoryConfigurationDelegate - Finished Spring Data repository scanning in 61 ms. Found 1 JPA repository interface.
2025-04-12 10:36:08 [main] INFO  o.s.b.w.e.tomcat.TomcatWebServer - Tomcat initialized with port 8080 (http)
2025-04-12 10:36:08 [main] INFO  o.a.catalina.core.StandardService - Starting service [Tomcat]
2025-04-12 10:36:08 [main] INFO  o.a.catalina.core.StandardEngine - Starting Servlet engine: [Apache Tomcat/10.1.26]
2025-04-12 10:36:08 [main] INFO  o.a.c.c.C.[Tomcat].[localhost].[/] - Initializing Spring embedded WebApplicationContext
2025-04-12 10:36:08 [main] INFO  o.s.b.w.s.c.ServletWebServerApplicationContext - Root WebApplicationContext: initialization completed in 1792 ms
2025-04-12 10:36:08 [main] DEBUG o.s.jdbc.datasource.DataSourceUtils - Fetching JDBC Connection from DataSource
2025-04-12 10:36:08 [main] INFO  com.zaxxer.hikari.HikariDataSource - HikariPool-1 - Starting...
2025-04-12 10:36:08 [main] INFO  com.zaxxer.hikari.pool.HikariPool - HikariPool-1 - Added connection org.postgresql.jdbc.PgConnection@72557746
2025-04-12 10:36:08 [main] INFO  com.zaxxer.hikari.HikariDataSource - HikariPool-1 - Start completed.
2025-04-12 10:36:08 [main] DEBUG o.s.jdbc.datasource.init.ScriptUtils - Executing SQL script from file [/Users/vadimbabich/Desktop/INTELIJ PROJECTS/t1-school-learn/build/resources/main/data.sql]
2025-04-12 10:36:08 [main] DEBUG o.s.jdbc.datasource.init.ScriptUtils - 0 returned as update count for SQL: CREATE TABLE IF NOT EXISTS tasks ( id BIGINT PRIMARY KEY GENERATED BY DEFAULT AS IDENTITY, title VARCHAR(255) NOT NULL, description VARCHAR(255), user_id BIGINT )
2025-04-12 10:36:08 [main] DEBUG o.s.jdbc.datasource.init.ScriptUtils - SQLWarning ignored: SQL state '42P07', error code '0', message [relation "tasks" already exists, skipping]
2025-04-12 10:36:08 [main] DEBUG o.s.jdbc.datasource.init.ScriptUtils - 5 returned as update count for SQL: INSERT INTO tasks (title, description, user_id) VALUES ('Задача 1', 'Описание задачи 1', 101), ('Задача 2', 'Описание задачи 2', 102), ('Задача 3', 'Описание задачи 3', 103), ('Задача 4', 'Описание задачи 4', 104), ('Задача 5', 'Описание задачи 5', 105)
2025-04-12 10:36:08 [main] DEBUG o.s.jdbc.datasource.init.ScriptUtils - Executed SQL script from file [/Users/vadimbabich/Desktop/INTELIJ PROJECTS/t1-school-learn/build/resources/main/data.sql] in 14 ms.
2025-04-12 10:36:08 [main] INFO  o.h.jpa.internal.util.LogHelper - HHH000204: Processing PersistenceUnitInfo [name: default]
2025-04-12 10:36:08 [main] INFO  org.hibernate.Version - HHH000412: Hibernate ORM core version 6.5.2.Final
2025-04-12 10:36:08 [main] INFO  o.h.c.i.RegionFactoryInitiator - HHH000026: Second-level cache disabled
2025-04-12 10:36:09 [main] INFO  o.s.o.j.p.SpringPersistenceUnitInfo - No LoadTimeWeaver setup: ignoring JPA class transformer
2025-04-12 10:36:09 [main] INFO  o.h.e.t.j.p.i.JtaPlatformInitiator - HHH000489: No JTA platform available (set 'hibernate.transaction.jta.platform' to enable JTA platform integration)
2025-04-12 10:36:09 [main] DEBUG org.hibernate.SQL - drop table if exists tasks cascade
2025-04-12 10:36:09 [main] DEBUG org.hibernate.SQL - create table tasks (id bigint generated by default as identity, user_id bigint, description varchar(255), status varchar(255) not null, title varchar(255), primary key (id))
2025-04-12 10:36:09 [main] INFO  o.s.o.j.LocalContainerEntityManagerFactoryBean - Initialized JPA EntityManagerFactory for persistence unit 'default'
2025-04-12 10:36:10 [main] WARN  o.s.b.w.s.c.AnnotationConfigServletWebServerApplicationContext - Exception encountered during context initialization - cancelling refresh attempt: org.springframework.beans.factory.BeanCreationException: Error creating bean with name 'notificationService': Injection of autowired dependencies failed
2025-04-12 10:36:10 [main] INFO  o.s.o.j.LocalContainerEntityManagerFactoryBean - Closing JPA EntityManagerFactory for persistence unit 'default'
2025-04-12 10:36:10 [main] DEBUG org.hibernate.SQL - drop table if exists tasks cascade
2025-04-12 10:36:10 [main] INFO  com.zaxxer.hikari.HikariDataSource - HikariPool-1 - Shutdown initiated...
2025-04-12 10:36:10 [main] INFO  com.zaxxer.hikari.HikariDataSource - HikariPool-1 - Shutdown completed.
2025-04-12 10:36:10 [main] INFO  o.a.catalina.core.StandardService - Stopping service [Tomcat]
2025-04-12 10:36:10 [main] INFO  o.s.b.a.l.ConditionEvaluationReportLogger - 

Error starting ApplicationContext. To display the condition evaluation report re-run your application with 'debug' enabled.
2025-04-12 10:36:10 [main] ERROR o.s.boot.SpringApplication - Application run failed
org.springframework.beans.factory.BeanCreationException: Error creating bean with name 'notificationService': Injection of autowired dependencies failed
	at org.springframework.beans.factory.annotation.AutowiredAnnotationBeanPostProcessor.postProcessProperties(AutowiredAnnotationBeanPostProcessor.java:514)
	at org.springframework.beans.factory.support.AbstractAutowireCapableBeanFactory.populateBean(AbstractAutowireCapableBeanFactory.java:1439)
	at org.springframework.beans.factory.support.AbstractAutowireCapableBeanFactory.doCreateBean(AbstractAutowireCapableBeanFactory.java:599)
	at org.springframework.beans.factory.support.AbstractAutowireCapableBeanFactory.createBean(AbstractAutowireCapableBeanFactory.java:522)
	at org.springframework.beans.factory.support.AbstractBeanFactory.lambda$doGetBean$0(AbstractBeanFactory.java:337)
	at org.springframework.beans.factory.support.DefaultSingletonBeanRegistry.getSingleton(DefaultSingletonBeanRegistry.java:234)
	at org.springframework.beans.factory.support.AbstractBeanFactory.doGetBean(AbstractBeanFactory.java:335)
	at org.springframework.beans.factory.support.AbstractBeanFactory.getBean(AbstractBeanFactory.java:200)
	at org.springframework.beans.factory.support.DefaultListableBeanFactory.preInstantiateSingletons(DefaultListableBeanFactory.java:975)
	at org.springframework.context.support.AbstractApplicationContext.finishBeanFactoryInitialization(AbstractApplicationContext.java:971)
	at org.springframework.context.support.AbstractApplicationContext.refresh(AbstractApplicationContext.java:625)
	at org.springframework.boot.web.servlet.context.ServletWebServerApplicationContext.refresh(ServletWebServerApplicationContext.java:146)
	at org.springframework.boot.SpringApplication.refresh(SpringApplication.java:754)
	at org.springframework.boot.SpringApplication.refreshContext(SpringApplication.java:456)
	at org.springframework.boot.SpringApplication.run(SpringApplication.java:335)
	at org.springframework.boot.SpringApplication.run(SpringApplication.java:1363)
	at org.springframework.boot.SpringApplication.run(SpringApplication.java:1352)
	at ru.babich.t1schoollearn.T1SchoolLearnApplication.main(T1SchoolLearnApplication.java:22)
Caused by: java.lang.IllegalArgumentException: Could not resolve placeholder 'notification.email.from' in value "${notification.email.from}"
	at org.springframework.util.PropertyPlaceholderHelper.parseStringValue(PropertyPlaceholderHelper.java:180)
	at org.springframework.util.PropertyPlaceholderHelper.replacePlaceholders(PropertyPlaceholderHelper.java:126)
	at org.springframework.core.env.AbstractPropertyResolver.doResolvePlaceholders(AbstractPropertyResolver.java:239)
	at org.springframework.core.env.AbstractPropertyResolver.resolveRequiredPlaceholders(AbstractPropertyResolver.java:210)
	at org.springframework.context.support.PropertySourcesPlaceholderConfigurer.lambda$processProperties$0(PropertySourcesPlaceholderConfigurer.java:200)
	at org.springframework.beans.factory.support.AbstractBeanFactory.resolveEmbeddedValue(AbstractBeanFactory.java:964)
	at org.springframework.beans.factory.support.DefaultListableBeanFactory.doResolveDependency(DefaultListableBeanFactory.java:1374)
	at org.springframework.beans.factory.support.DefaultListableBeanFactory.resolveDependency(DefaultListableBeanFactory.java:1353)
	at org.springframework.beans.factory.annotation.AutowiredAnnotationBeanPostProcessor$AutowiredFieldElement.resolveFieldValue(AutowiredAnnotationBeanPostProcessor.java:784)
	at org.springframework.beans.factory.annotation.AutowiredAnnotationBeanPostProcessor$AutowiredFieldElement.inject(AutowiredAnnotationBeanPostProcessor.java:767)
	at org.springframework.beans.factory.annotation.InjectionMetadata.inject(InjectionMetadata.java:145)
	at org.springframework.beans.factory.annotation.AutowiredAnnotationBeanPostProcessor.postProcessProperties(AutowiredAnnotationBeanPostProcessor.java:508)
	... 17 common frames omitted
2025-04-12 10:38:23 [main] INFO  r.b.t.T1SchoolLearnApplication - Starting T1SchoolLearnApplication using Java 17.0.8 with PID 62802 (/Users/vadimbabich/Desktop/INTELIJ PROJECTS/t1-school-learn/build/classes/java/main started by vadimbabich in /Users/vadimbabich/Desktop/INTELIJ PROJECTS/t1-school-learn)
2025-04-12 10:38:23 [main] DEBUG r.b.t.T1SchoolLearnApplication - Running with Spring Boot v3.3.2, Spring v6.1.11
2025-04-12 10:38:23 [main] INFO  r.b.t.T1SchoolLearnApplication - No active profile set, falling back to 1 default profile: "default"
2025-04-12 10:38:24 [main] INFO  o.s.d.r.c.RepositoryConfigurationDelegate - Bootstrapping Spring Data JPA repositories in DEFAULT mode.
2025-04-12 10:38:24 [main] INFO  o.s.d.r.c.RepositoryConfigurationDelegate - Finished Spring Data repository scanning in 129 ms. Found 1 JPA repository interface.
2025-04-12 10:38:25 [main] INFO  o.s.b.w.e.tomcat.TomcatWebServer - Tomcat initialized with port 8080 (http)
2025-04-12 10:38:25 [main] INFO  o.a.catalina.core.StandardService - Starting service [Tomcat]
2025-04-12 10:38:25 [main] INFO  o.a.catalina.core.StandardEngine - Starting Servlet engine: [Apache Tomcat/10.1.26]
2025-04-12 10:38:25 [main] INFO  o.a.c.c.C.[Tomcat].[localhost].[/] - Initializing Spring embedded WebApplicationContext
2025-04-12 10:38:25 [main] INFO  o.s.b.w.s.c.ServletWebServerApplicationContext - Root WebApplicationContext: initialization completed in 1998 ms
2025-04-12 10:38:25 [main] DEBUG o.s.jdbc.datasource.DataSourceUtils - Fetching JDBC Connection from DataSource
2025-04-12 10:38:25 [main] INFO  com.zaxxer.hikari.HikariDataSource - HikariPool-1 - Starting...
2025-04-12 10:38:25 [main] INFO  com.zaxxer.hikari.pool.HikariPool - HikariPool-1 - Added connection org.postgresql.jdbc.PgConnection@34c53688
2025-04-12 10:38:25 [main] INFO  com.zaxxer.hikari.HikariDataSource - HikariPool-1 - Start completed.
2025-04-12 10:38:25 [main] DEBUG o.s.jdbc.datasource.init.ScriptUtils - Executing SQL script from file [/Users/vadimbabich/Desktop/INTELIJ PROJECTS/t1-school-learn/build/resources/main/data.sql]
2025-04-12 10:38:25 [main] DEBUG o.s.jdbc.datasource.init.ScriptUtils - 0 returned as update count for SQL: CREATE TABLE IF NOT EXISTS tasks ( id BIGINT PRIMARY KEY GENERATED BY DEFAULT AS IDENTITY, title VARCHAR(255) NOT NULL, description VARCHAR(255), user_id BIGINT )
2025-04-12 10:38:25 [main] DEBUG o.s.jdbc.datasource.init.ScriptUtils - 5 returned as update count for SQL: INSERT INTO tasks (title, description, user_id) VALUES ('Задача 1', 'Описание задачи 1', 101), ('Задача 2', 'Описание задачи 2', 102), ('Задача 3', 'Описание задачи 3', 103), ('Задача 4', 'Описание задачи 4', 104), ('Задача 5', 'Описание задачи 5', 105)
2025-04-12 10:38:25 [main] DEBUG o.s.jdbc.datasource.init.ScriptUtils - Executed SQL script from file [/Users/vadimbabich/Desktop/INTELIJ PROJECTS/t1-school-learn/build/resources/main/data.sql] in 25 ms.
2025-04-12 10:38:25 [main] INFO  o.h.jpa.internal.util.LogHelper - HHH000204: Processing PersistenceUnitInfo [name: default]
2025-04-12 10:38:25 [main] INFO  org.hibernate.Version - HHH000412: Hibernate ORM core version 6.5.2.Final
2025-04-12 10:38:25 [main] INFO  o.h.c.i.RegionFactoryInitiator - HHH000026: Second-level cache disabled
2025-04-12 10:38:26 [main] INFO  o.s.o.j.p.SpringPersistenceUnitInfo - No LoadTimeWeaver setup: ignoring JPA class transformer
2025-04-12 10:38:27 [main] INFO  o.h.e.t.j.p.i.JtaPlatformInitiator - HHH000489: No JTA platform available (set 'hibernate.transaction.jta.platform' to enable JTA platform integration)
2025-04-12 10:38:27 [main] DEBUG org.hibernate.SQL - drop table if exists tasks cascade
2025-04-12 10:38:27 [main] DEBUG org.hibernate.SQL - create table tasks (id bigint generated by default as identity, user_id bigint, description varchar(255), status varchar(255) not null, title varchar(255), primary key (id))
2025-04-12 10:38:27 [main] INFO  o.s.o.j.LocalContainerEntityManagerFactoryBean - Initialized JPA EntityManagerFactory for persistence unit 'default'
2025-04-12 10:38:27 [main] DEBUG o.s.k.a.KafkaListenerAnnotationBeanPostProcessor - No retry topic configuration found for topics [task-updates]
2025-04-12 10:38:27 [main] DEBUG o.s.k.a.KafkaListenerAnnotationBeanPostProcessor - 1 @KafkaListener methods processed on bean 'taskConsumer': {public void ru.babich.t1schoollearn.kafka.consumer.TaskConsumer.listenTaskUpdates(java.lang.String)=[@org.springframework.kafka.annotation.KafkaListener(topicPattern="", containerFactory="", contentTypeConverter="", beanRef="__listener", topics={"${spring.kafka.topics.task-updated}"}, groupId="", batch="", topicPartitions={}, clientIdPrefix="", splitIterables=true, concurrency="", autoStartup="", filter="", containerGroup="", idIsGroup=true, errorHandler="", id="${spring.kafka.consumer.group-id}", containerPostProcessor="", properties={}, info="")]}
2025-04-12 10:38:27 [main] WARN  o.s.b.a.o.j.JpaBaseConfiguration$JpaWebConfiguration - spring.jpa.open-in-view is enabled by default. Therefore, database queries may be performed during view rendering. Explicitly configure spring.jpa.open-in-view to disable this warning
2025-04-12 10:38:28 [main] INFO  o.s.b.w.e.tomcat.TomcatWebServer - Tomcat started on port 8080 (http) with context path '/'
2025-04-12 10:38:28 [main] INFO  o.a.k.c.consumer.ConsumerConfig - ConsumerConfig values: 
	allow.auto.create.topics = true
	auto.commit.interval.ms = 5000
	auto.include.jmx.reporter = true
	auto.offset.reset = earliest
	bootstrap.servers = [localhost:9092]
	check.crcs = true
	client.dns.lookup = use_all_dns_ips
	client.id = consumer-task-group-1
	client.rack = 
	connections.max.idle.ms = 540000
	default.api.timeout.ms = 60000
	enable.auto.commit = false
	enable.metrics.push = true
	exclude.internal.topics = true
	fetch.max.bytes = 52428800
	fetch.max.wait.ms = 500
	fetch.min.bytes = 1
	group.id = task-group
	group.instance.id = null
	group.protocol = classic
	group.remote.assignor = null
	heartbeat.interval.ms = 3000
	interceptor.classes = []
	internal.leave.group.on.close = true
	internal.throw.on.fetch.stable.offset.unsupported = false
	isolation.level = read_uncommitted
	key.deserializer = class org.apache.kafka.common.serialization.StringDeserializer
	max.partition.fetch.bytes = 1048576
	max.poll.interval.ms = 300000
	max.poll.records = 500
	metadata.max.age.ms = 300000
	metric.reporters = []
	metrics.num.samples = 2
	metrics.recording.level = INFO
	metrics.sample.window.ms = 30000
	partition.assignment.strategy = [class org.apache.kafka.clients.consumer.RangeAssignor, class org.apache.kafka.clients.consumer.CooperativeStickyAssignor]
	receive.buffer.bytes = 65536
	reconnect.backoff.max.ms = 1000
	reconnect.backoff.ms = 50
	request.timeout.ms = 30000
	retry.backoff.max.ms = 1000
	retry.backoff.ms = 100
	sasl.client.callback.handler.class = null
	sasl.jaas.config = null
	sasl.kerberos.kinit.cmd = /usr/bin/kinit
	sasl.kerberos.min.time.before.relogin = 60000
	sasl.kerberos.service.name = null
	sasl.kerberos.ticket.renew.jitter = 0.05
	sasl.kerberos.ticket.renew.window.factor = 0.8
	sasl.login.callback.handler.class = null
	sasl.login.class = null
	sasl.login.connect.timeout.ms = null
	sasl.login.read.timeout.ms = null
	sasl.login.refresh.buffer.seconds = 300
	sasl.login.refresh.min.period.seconds = 60
	sasl.login.refresh.window.factor = 0.8
	sasl.login.refresh.window.jitter = 0.05
	sasl.login.retry.backoff.max.ms = 10000
	sasl.login.retry.backoff.ms = 100
	sasl.mechanism = GSSAPI
	sasl.oauthbearer.clock.skew.seconds = 30
	sasl.oauthbearer.expected.audience = null
	sasl.oauthbearer.expected.issuer = null
	sasl.oauthbearer.jwks.endpoint.refresh.ms = 3600000
	sasl.oauthbearer.jwks.endpoint.retry.backoff.max.ms = 10000
	sasl.oauthbearer.jwks.endpoint.retry.backoff.ms = 100
	sasl.oauthbearer.jwks.endpoint.url = null
	sasl.oauthbearer.scope.claim.name = scope
	sasl.oauthbearer.sub.claim.name = sub
	sasl.oauthbearer.token.endpoint.url = null
	security.protocol = PLAINTEXT
	security.providers = null
	send.buffer.bytes = 131072
	session.timeout.ms = 45000
	socket.connection.setup.timeout.max.ms = 30000
	socket.connection.setup.timeout.ms = 10000
	ssl.cipher.suites = null
	ssl.enabled.protocols = [TLSv1.2, TLSv1.3]
	ssl.endpoint.identification.algorithm = https
	ssl.engine.factory.class = null
	ssl.key.password = null
	ssl.keymanager.algorithm = SunX509
	ssl.keystore.certificate.chain = null
	ssl.keystore.key = null
	ssl.keystore.location = null
	ssl.keystore.password = null
	ssl.keystore.type = JKS
	ssl.protocol = TLSv1.3
	ssl.provider = null
	ssl.secure.random.implementation = null
	ssl.trustmanager.algorithm = PKIX
	ssl.truststore.certificates = null
	ssl.truststore.location = null
	ssl.truststore.password = null
	ssl.truststore.type = JKS
	value.deserializer = class org.apache.kafka.common.serialization.StringDeserializer

2025-04-12 10:38:28 [main] INFO  o.a.k.c.t.i.KafkaMetricsCollector - initializing Kafka metrics collector
2025-04-12 10:38:28 [main] INFO  o.a.kafka.common.utils.AppInfoParser - Kafka version: 3.7.1
2025-04-12 10:38:28 [main] INFO  o.a.kafka.common.utils.AppInfoParser - Kafka commitId: e2494e6ffb89f828
2025-04-12 10:38:28 [main] INFO  o.a.kafka.common.utils.AppInfoParser - Kafka startTimeMs: 1744429108301
2025-04-12 10:38:28 [main] INFO  o.a.k.c.c.i.LegacyKafkaConsumer - [Consumer clientId=consumer-task-group-1, groupId=task-group] Subscribed to topic(s): task-updates
2025-04-12 10:38:28 [main] INFO  o.a.k.c.consumer.ConsumerConfig - ConsumerConfig values: 
	allow.auto.create.topics = true
	auto.commit.interval.ms = 5000
	auto.include.jmx.reporter = true
	auto.offset.reset = earliest
	bootstrap.servers = [localhost:9092]
	check.crcs = true
	client.dns.lookup = use_all_dns_ips
	client.id = consumer-task-group-2
	client.rack = 
	connections.max.idle.ms = 540000
	default.api.timeout.ms = 60000
	enable.auto.commit = false
	enable.metrics.push = true
	exclude.internal.topics = true
	fetch.max.bytes = 52428800
	fetch.max.wait.ms = 500
	fetch.min.bytes = 1
	group.id = task-group
	group.instance.id = null
	group.protocol = classic
	group.remote.assignor = null
	heartbeat.interval.ms = 3000
	interceptor.classes = []
	internal.leave.group.on.close = true
	internal.throw.on.fetch.stable.offset.unsupported = false
	isolation.level = read_uncommitted
	key.deserializer = class org.apache.kafka.common.serialization.StringDeserializer
	max.partition.fetch.bytes = 1048576
	max.poll.interval.ms = 300000
	max.poll.records = 500
	metadata.max.age.ms = 300000
	metric.reporters = []
	metrics.num.samples = 2
	metrics.recording.level = INFO
	metrics.sample.window.ms = 30000
	partition.assignment.strategy = [class org.apache.kafka.clients.consumer.RangeAssignor, class org.apache.kafka.clients.consumer.CooperativeStickyAssignor]
	receive.buffer.bytes = 65536
	reconnect.backoff.max.ms = 1000
	reconnect.backoff.ms = 50
	request.timeout.ms = 30000
	retry.backoff.max.ms = 1000
	retry.backoff.ms = 100
	sasl.client.callback.handler.class = null
	sasl.jaas.config = null
	sasl.kerberos.kinit.cmd = /usr/bin/kinit
	sasl.kerberos.min.time.before.relogin = 60000
	sasl.kerberos.service.name = null
	sasl.kerberos.ticket.renew.jitter = 0.05
	sasl.kerberos.ticket.renew.window.factor = 0.8
	sasl.login.callback.handler.class = null
	sasl.login.class = null
	sasl.login.connect.timeout.ms = null
	sasl.login.read.timeout.ms = null
	sasl.login.refresh.buffer.seconds = 300
	sasl.login.refresh.min.period.seconds = 60
	sasl.login.refresh.window.factor = 0.8
	sasl.login.refresh.window.jitter = 0.05
	sasl.login.retry.backoff.max.ms = 10000
	sasl.login.retry.backoff.ms = 100
	sasl.mechanism = GSSAPI
	sasl.oauthbearer.clock.skew.seconds = 30
	sasl.oauthbearer.expected.audience = null
	sasl.oauthbearer.expected.issuer = null
	sasl.oauthbearer.jwks.endpoint.refresh.ms = 3600000
	sasl.oauthbearer.jwks.endpoint.retry.backoff.max.ms = 10000
	sasl.oauthbearer.jwks.endpoint.retry.backoff.ms = 100
	sasl.oauthbearer.jwks.endpoint.url = null
	sasl.oauthbearer.scope.claim.name = scope
	sasl.oauthbearer.sub.claim.name = sub
	sasl.oauthbearer.token.endpoint.url = null
	security.protocol = PLAINTEXT
	security.providers = null
	send.buffer.bytes = 131072
	session.timeout.ms = 45000
	socket.connection.setup.timeout.max.ms = 30000
	socket.connection.setup.timeout.ms = 10000
	ssl.cipher.suites = null
	ssl.enabled.protocols = [TLSv1.2, TLSv1.3]
	ssl.endpoint.identification.algorithm = https
	ssl.engine.factory.class = null
	ssl.key.password = null
	ssl.keymanager.algorithm = SunX509
	ssl.keystore.certificate.chain = null
	ssl.keystore.key = null
	ssl.keystore.location = null
	ssl.keystore.password = null
	ssl.keystore.type = JKS
	ssl.protocol = TLSv1.3
	ssl.provider = null
	ssl.secure.random.implementation = null
	ssl.trustmanager.algorithm = PKIX
	ssl.truststore.certificates = null
	ssl.truststore.location = null
	ssl.truststore.password = null
	ssl.truststore.type = JKS
	value.deserializer = class org.apache.kafka.common.serialization.StringDeserializer

2025-04-12 10:38:28 [main] INFO  o.a.k.c.t.i.KafkaMetricsCollector - initializing Kafka metrics collector
2025-04-12 10:38:28 [main] INFO  o.a.kafka.common.utils.AppInfoParser - Kafka version: 3.7.1
2025-04-12 10:38:28 [main] INFO  o.a.kafka.common.utils.AppInfoParser - Kafka commitId: e2494e6ffb89f828
2025-04-12 10:38:28 [main] INFO  o.a.kafka.common.utils.AppInfoParser - Kafka startTimeMs: 1744429108325
2025-04-12 10:38:28 [main] INFO  o.a.k.c.c.i.LegacyKafkaConsumer - [Consumer clientId=consumer-task-group-2, groupId=task-group] Subscribed to topic(s): task-updates
2025-04-12 10:38:28 [main] INFO  o.a.k.c.consumer.ConsumerConfig - ConsumerConfig values: 
	allow.auto.create.topics = true
	auto.commit.interval.ms = 5000
	auto.include.jmx.reporter = true
	auto.offset.reset = earliest
	bootstrap.servers = [localhost:9092]
	check.crcs = true
	client.dns.lookup = use_all_dns_ips
	client.id = consumer-task-group-3
	client.rack = 
	connections.max.idle.ms = 540000
	default.api.timeout.ms = 60000
	enable.auto.commit = false
	enable.metrics.push = true
	exclude.internal.topics = true
	fetch.max.bytes = 52428800
	fetch.max.wait.ms = 500
	fetch.min.bytes = 1
	group.id = task-group
	group.instance.id = null
	group.protocol = classic
	group.remote.assignor = null
	heartbeat.interval.ms = 3000
	interceptor.classes = []
	internal.leave.group.on.close = true
	internal.throw.on.fetch.stable.offset.unsupported = false
	isolation.level = read_uncommitted
	key.deserializer = class org.apache.kafka.common.serialization.StringDeserializer
	max.partition.fetch.bytes = 1048576
	max.poll.interval.ms = 300000
	max.poll.records = 500
	metadata.max.age.ms = 300000
	metric.reporters = []
	metrics.num.samples = 2
	metrics.recording.level = INFO
	metrics.sample.window.ms = 30000
	partition.assignment.strategy = [class org.apache.kafka.clients.consumer.RangeAssignor, class org.apache.kafka.clients.consumer.CooperativeStickyAssignor]
	receive.buffer.bytes = 65536
	reconnect.backoff.max.ms = 1000
	reconnect.backoff.ms = 50
	request.timeout.ms = 30000
	retry.backoff.max.ms = 1000
	retry.backoff.ms = 100
	sasl.client.callback.handler.class = null
	sasl.jaas.config = null
	sasl.kerberos.kinit.cmd = /usr/bin/kinit
	sasl.kerberos.min.time.before.relogin = 60000
	sasl.kerberos.service.name = null
	sasl.kerberos.ticket.renew.jitter = 0.05
	sasl.kerberos.ticket.renew.window.factor = 0.8
	sasl.login.callback.handler.class = null
	sasl.login.class = null
	sasl.login.connect.timeout.ms = null
	sasl.login.read.timeout.ms = null
	sasl.login.refresh.buffer.seconds = 300
	sasl.login.refresh.min.period.seconds = 60
	sasl.login.refresh.window.factor = 0.8
	sasl.login.refresh.window.jitter = 0.05
	sasl.login.retry.backoff.max.ms = 10000
	sasl.login.retry.backoff.ms = 100
	sasl.mechanism = GSSAPI
	sasl.oauthbearer.clock.skew.seconds = 30
	sasl.oauthbearer.expected.audience = null
	sasl.oauthbearer.expected.issuer = null
	sasl.oauthbearer.jwks.endpoint.refresh.ms = 3600000
	sasl.oauthbearer.jwks.endpoint.retry.backoff.max.ms = 10000
	sasl.oauthbearer.jwks.endpoint.retry.backoff.ms = 100
	sasl.oauthbearer.jwks.endpoint.url = null
	sasl.oauthbearer.scope.claim.name = scope
	sasl.oauthbearer.sub.claim.name = sub
	sasl.oauthbearer.token.endpoint.url = null
	security.protocol = PLAINTEXT
	security.providers = null
	send.buffer.bytes = 131072
	session.timeout.ms = 45000
	socket.connection.setup.timeout.max.ms = 30000
	socket.connection.setup.timeout.ms = 10000
	ssl.cipher.suites = null
	ssl.enabled.protocols = [TLSv1.2, TLSv1.3]
	ssl.endpoint.identification.algorithm = https
	ssl.engine.factory.class = null
	ssl.key.password = null
	ssl.keymanager.algorithm = SunX509
	ssl.keystore.certificate.chain = null
	ssl.keystore.key = null
	ssl.keystore.location = null
	ssl.keystore.password = null
	ssl.keystore.type = JKS
	ssl.protocol = TLSv1.3
	ssl.provider = null
	ssl.secure.random.implementation = null
	ssl.trustmanager.algorithm = PKIX
	ssl.truststore.certificates = null
	ssl.truststore.location = null
	ssl.truststore.password = null
	ssl.truststore.type = JKS
	value.deserializer = class org.apache.kafka.common.serialization.StringDeserializer

2025-04-12 10:38:28 [main] INFO  o.a.k.c.t.i.KafkaMetricsCollector - initializing Kafka metrics collector
2025-04-12 10:38:28 [main] INFO  o.a.kafka.common.utils.AppInfoParser - Kafka version: 3.7.1
2025-04-12 10:38:28 [main] INFO  o.a.kafka.common.utils.AppInfoParser - Kafka commitId: e2494e6ffb89f828
2025-04-12 10:38:28 [main] INFO  o.a.kafka.common.utils.AppInfoParser - Kafka startTimeMs: 1744429108335
2025-04-12 10:38:28 [main] INFO  o.a.k.c.c.i.LegacyKafkaConsumer - [Consumer clientId=consumer-task-group-3, groupId=task-group] Subscribed to topic(s): task-updates
2025-04-12 10:38:28 [main] INFO  r.b.t.T1SchoolLearnApplication - Started T1SchoolLearnApplication in 5.377 seconds (process running for 5.935)
2025-04-12 10:38:28 [task-group-2-C-1] WARN  o.apache.kafka.clients.NetworkClient - [Consumer clientId=consumer-task-group-3, groupId=task-group] Error while fetching metadata with correlation id 2 : {task-updates=UNKNOWN_TOPIC_OR_PARTITION}
2025-04-12 10:38:28 [task-group-0-C-1] WARN  o.apache.kafka.clients.NetworkClient - [Consumer clientId=consumer-task-group-1, groupId=task-group] Error while fetching metadata with correlation id 2 : {task-updates=UNKNOWN_TOPIC_OR_PARTITION}
2025-04-12 10:38:28 [task-group-2-C-1] INFO  org.apache.kafka.clients.Metadata - [Consumer clientId=consumer-task-group-3, groupId=task-group] Cluster ID: XRiLAz8pRWqMfUGaeuSySw
2025-04-12 10:38:28 [task-group-0-C-1] INFO  org.apache.kafka.clients.Metadata - [Consumer clientId=consumer-task-group-1, groupId=task-group] Cluster ID: XRiLAz8pRWqMfUGaeuSySw
2025-04-12 10:38:28 [task-group-2-C-1] WARN  o.apache.kafka.clients.NetworkClient - [Consumer clientId=consumer-task-group-3, groupId=task-group] Error while fetching metadata with correlation id 5 : {task-updates=UNKNOWN_TOPIC_OR_PARTITION}
2025-04-12 10:38:28 [task-group-0-C-1] WARN  o.apache.kafka.clients.NetworkClient - [Consumer clientId=consumer-task-group-1, groupId=task-group] Error while fetching metadata with correlation id 5 : {task-updates=UNKNOWN_TOPIC_OR_PARTITION}
2025-04-12 10:38:28 [task-group-1-C-1] WARN  o.apache.kafka.clients.NetworkClient - [Consumer clientId=consumer-task-group-2, groupId=task-group] Error while fetching metadata with correlation id 2 : {task-updates=LEADER_NOT_AVAILABLE}
2025-04-12 10:38:28 [task-group-1-C-1] INFO  org.apache.kafka.clients.Metadata - [Consumer clientId=consumer-task-group-2, groupId=task-group] Cluster ID: XRiLAz8pRWqMfUGaeuSySw
2025-04-12 10:38:29 [task-group-1-C-1] WARN  o.apache.kafka.clients.NetworkClient - [Consumer clientId=consumer-task-group-2, groupId=task-group] Error while fetching metadata with correlation id 5 : {task-updates=LEADER_NOT_AVAILABLE}
2025-04-12 10:38:29 [task-group-0-C-1] WARN  o.apache.kafka.clients.NetworkClient - [Consumer clientId=consumer-task-group-1, groupId=task-group] Error while fetching metadata with correlation id 7 : {task-updates=UNKNOWN_TOPIC_OR_PARTITION}
2025-04-12 10:38:29 [task-group-2-C-1] WARN  o.apache.kafka.clients.NetworkClient - [Consumer clientId=consumer-task-group-3, groupId=task-group] Error while fetching metadata with correlation id 6 : {task-updates=LEADER_NOT_AVAILABLE}
2025-04-12 10:38:29 [task-group-1-C-1] WARN  o.apache.kafka.clients.NetworkClient - [Consumer clientId=consumer-task-group-2, groupId=task-group] Error while fetching metadata with correlation id 7 : {task-updates=LEADER_NOT_AVAILABLE}
2025-04-12 10:38:29 [task-group-0-C-1] WARN  o.apache.kafka.clients.NetworkClient - [Consumer clientId=consumer-task-group-1, groupId=task-group] Error while fetching metadata with correlation id 9 : {task-updates=LEADER_NOT_AVAILABLE}
2025-04-12 10:38:29 [task-group-2-C-1] WARN  o.apache.kafka.clients.NetworkClient - [Consumer clientId=consumer-task-group-3, groupId=task-group] Error while fetching metadata with correlation id 8 : {task-updates=LEADER_NOT_AVAILABLE}
2025-04-12 10:38:29 [task-group-1-C-1] WARN  o.apache.kafka.clients.NetworkClient - [Consumer clientId=consumer-task-group-2, groupId=task-group] Error while fetching metadata with correlation id 9 : {task-updates=LEADER_NOT_AVAILABLE}
2025-04-12 10:38:30 [task-group-0-C-1] INFO  o.a.k.c.c.i.ConsumerCoordinator - [Consumer clientId=consumer-task-group-1, groupId=task-group] Discovered group coordinator localhost:9092 (id: 2147483646 rack: null)
2025-04-12 10:38:30 [task-group-0-C-1] INFO  o.a.k.c.c.i.ConsumerCoordinator - [Consumer clientId=consumer-task-group-1, groupId=task-group] (Re-)joining group
2025-04-12 10:38:30 [task-group-0-C-1] INFO  o.a.k.c.c.i.ConsumerCoordinator - [Consumer clientId=consumer-task-group-1, groupId=task-group] Request joining group due to: need to re-join with the given member-id: consumer-task-group-1-6070655d-a3fc-4906-8c43-820fac7ddda3
2025-04-12 10:38:30 [task-group-0-C-1] INFO  o.a.k.c.c.i.ConsumerCoordinator - [Consumer clientId=consumer-task-group-1, groupId=task-group] (Re-)joining group
2025-04-12 10:38:30 [task-group-2-C-1] INFO  o.a.k.c.c.i.ConsumerCoordinator - [Consumer clientId=consumer-task-group-3, groupId=task-group] Discovered group coordinator localhost:9092 (id: 2147483646 rack: null)
2025-04-12 10:38:30 [task-group-2-C-1] INFO  o.a.k.c.c.i.ConsumerCoordinator - [Consumer clientId=consumer-task-group-3, groupId=task-group] (Re-)joining group
2025-04-12 10:38:30 [task-group-2-C-1] INFO  o.a.k.c.c.i.ConsumerCoordinator - [Consumer clientId=consumer-task-group-3, groupId=task-group] Request joining group due to: need to re-join with the given member-id: consumer-task-group-3-eeaf778b-d071-496a-b5c2-6764c62dd86e
2025-04-12 10:38:30 [task-group-2-C-1] INFO  o.a.k.c.c.i.ConsumerCoordinator - [Consumer clientId=consumer-task-group-3, groupId=task-group] (Re-)joining group
2025-04-12 10:38:30 [task-group-1-C-1] INFO  o.a.k.c.c.i.ConsumerCoordinator - [Consumer clientId=consumer-task-group-2, groupId=task-group] Discovered group coordinator localhost:9092 (id: 2147483646 rack: null)
2025-04-12 10:38:30 [task-group-1-C-1] INFO  o.a.k.c.c.i.ConsumerCoordinator - [Consumer clientId=consumer-task-group-2, groupId=task-group] (Re-)joining group
2025-04-12 10:38:30 [task-group-1-C-1] INFO  o.a.k.c.c.i.ConsumerCoordinator - [Consumer clientId=consumer-task-group-2, groupId=task-group] Request joining group due to: need to re-join with the given member-id: consumer-task-group-2-e8568c90-1e98-4d75-80ea-3a8834daa506
2025-04-12 10:38:30 [task-group-1-C-1] INFO  o.a.k.c.c.i.ConsumerCoordinator - [Consumer clientId=consumer-task-group-2, groupId=task-group] (Re-)joining group
2025-04-12 10:38:33 [task-group-0-C-1] DEBUG o.s.k.l.KafkaMessageListenerContainer - Received: 0 records
2025-04-12 10:38:33 [task-group-1-C-1] DEBUG o.s.k.l.KafkaMessageListenerContainer - Received: 0 records
2025-04-12 10:38:33 [task-group-2-C-1] DEBUG o.s.k.l.KafkaMessageListenerContainer - Received: 0 records
2025-04-12 10:38:36 [task-group-1-C-1] INFO  o.a.k.c.c.i.ConsumerCoordinator - [Consumer clientId=consumer-task-group-2, groupId=task-group] Successfully joined group with generation Generation{generationId=1, memberId='consumer-task-group-2-e8568c90-1e98-4d75-80ea-3a8834daa506', protocol='range'}
2025-04-12 10:38:36 [task-group-2-C-1] INFO  o.a.k.c.c.i.ConsumerCoordinator - [Consumer clientId=consumer-task-group-3, groupId=task-group] Successfully joined group with generation Generation{generationId=1, memberId='consumer-task-group-3-eeaf778b-d071-496a-b5c2-6764c62dd86e', protocol='range'}
2025-04-12 10:38:36 [task-group-0-C-1] INFO  o.a.k.c.c.i.ConsumerCoordinator - [Consumer clientId=consumer-task-group-1, groupId=task-group] Successfully joined group with generation Generation{generationId=1, memberId='consumer-task-group-1-6070655d-a3fc-4906-8c43-820fac7ddda3', protocol='range'}
2025-04-12 10:38:36 [task-group-0-C-1] INFO  o.a.k.c.c.i.ConsumerCoordinator - [Consumer clientId=consumer-task-group-1, groupId=task-group] Finished assignment for group at generation 1: {consumer-task-group-2-e8568c90-1e98-4d75-80ea-3a8834daa506=Assignment(partitions=[]), consumer-task-group-3-eeaf778b-d071-496a-b5c2-6764c62dd86e=Assignment(partitions=[]), consumer-task-group-1-6070655d-a3fc-4906-8c43-820fac7ddda3=Assignment(partitions=[task-updates-0])}
2025-04-12 10:38:36 [task-group-1-C-1] INFO  o.a.k.c.c.i.ConsumerCoordinator - [Consumer clientId=consumer-task-group-2, groupId=task-group] Successfully synced group in generation Generation{generationId=1, memberId='consumer-task-group-2-e8568c90-1e98-4d75-80ea-3a8834daa506', protocol='range'}
2025-04-12 10:38:36 [task-group-1-C-1] INFO  o.a.k.c.c.i.ConsumerCoordinator - [Consumer clientId=consumer-task-group-2, groupId=task-group] Notifying assignor about the new Assignment(partitions=[])
2025-04-12 10:38:36 [task-group-1-C-1] INFO  o.a.k.c.c.i.ConsumerRebalanceListenerInvoker - [Consumer clientId=consumer-task-group-2, groupId=task-group] Adding newly assigned partitions: 
2025-04-12 10:38:36 [task-group-2-C-1] INFO  o.a.k.c.c.i.ConsumerCoordinator - [Consumer clientId=consumer-task-group-3, groupId=task-group] Successfully synced group in generation Generation{generationId=1, memberId='consumer-task-group-3-eeaf778b-d071-496a-b5c2-6764c62dd86e', protocol='range'}
2025-04-12 10:38:36 [task-group-2-C-1] INFO  o.a.k.c.c.i.ConsumerCoordinator - [Consumer clientId=consumer-task-group-3, groupId=task-group] Notifying assignor about the new Assignment(partitions=[])
2025-04-12 10:38:36 [task-group-1-C-1] INFO  o.s.k.l.KafkaMessageListenerContainer - task-group: partitions assigned: []
2025-04-12 10:38:36 [task-group-2-C-1] INFO  o.a.k.c.c.i.ConsumerRebalanceListenerInvoker - [Consumer clientId=consumer-task-group-3, groupId=task-group] Adding newly assigned partitions: 
2025-04-12 10:38:36 [task-group-2-C-1] INFO  o.s.k.l.KafkaMessageListenerContainer - task-group: partitions assigned: []
2025-04-12 10:38:36 [task-group-0-C-1] INFO  o.a.k.c.c.i.ConsumerCoordinator - [Consumer clientId=consumer-task-group-1, groupId=task-group] Successfully synced group in generation Generation{generationId=1, memberId='consumer-task-group-1-6070655d-a3fc-4906-8c43-820fac7ddda3', protocol='range'}
2025-04-12 10:38:36 [task-group-0-C-1] INFO  o.a.k.c.c.i.ConsumerCoordinator - [Consumer clientId=consumer-task-group-1, groupId=task-group] Notifying assignor about the new Assignment(partitions=[task-updates-0])
2025-04-12 10:38:36 [task-group-0-C-1] INFO  o.a.k.c.c.i.ConsumerRebalanceListenerInvoker - [Consumer clientId=consumer-task-group-1, groupId=task-group] Adding newly assigned partitions: task-updates-0
2025-04-12 10:38:36 [task-group-0-C-1] INFO  o.a.k.c.c.i.ConsumerCoordinator - [Consumer clientId=consumer-task-group-1, groupId=task-group] Found no committed offset for partition task-updates-0
2025-04-12 10:38:36 [task-group-0-C-1] INFO  o.a.k.c.c.i.SubscriptionState - [Consumer clientId=consumer-task-group-1, groupId=task-group] Resetting offset for partition task-updates-0 to position FetchPosition{offset=0, offsetEpoch=Optional.empty, currentLeader=LeaderAndEpoch{leader=Optional[localhost:9092 (id: 1 rack: null)], epoch=0}}.
2025-04-12 10:38:36 [task-group-0-C-1] INFO  o.s.k.l.KafkaMessageListenerContainer - task-group: partitions assigned: [task-updates-0]
2025-04-12 10:38:38 [task-group-0-C-1] DEBUG o.s.k.l.KafkaMessageListenerContainer - Received: 0 records
2025-04-12 10:38:38 [task-group-1-C-1] DEBUG o.s.k.l.KafkaMessageListenerContainer - Received: 0 records
2025-04-12 10:38:38 [task-group-2-C-1] DEBUG o.s.k.l.KafkaMessageListenerContainer - Received: 0 records
2025-04-12 10:38:43 [task-group-1-C-1] DEBUG o.s.k.l.KafkaMessageListenerContainer - Received: 0 records
2025-04-12 10:38:43 [task-group-2-C-1] DEBUG o.s.k.l.KafkaMessageListenerContainer - Received: 0 records
2025-04-12 10:38:48 [task-group-1-C-1] DEBUG o.s.k.l.KafkaMessageListenerContainer - Received: 0 records
2025-04-12 10:38:48 [task-group-2-C-1] DEBUG o.s.k.l.KafkaMessageListenerContainer - Received: 0 records
2025-04-12 10:38:53 [task-group-1-C-1] DEBUG o.s.k.l.KafkaMessageListenerContainer - Received: 0 records
2025-04-12 10:38:53 [task-group-2-C-1] DEBUG o.s.k.l.KafkaMessageListenerContainer - Received: 0 records
2025-04-12 10:38:58 [task-group-1-C-1] DEBUG o.s.k.l.KafkaMessageListenerContainer - Received: 0 records
2025-04-12 10:38:58 [task-group-2-C-1] DEBUG o.s.k.l.KafkaMessageListenerContainer - Received: 0 records
2025-04-12 10:39:03 [task-group-1-C-1] DEBUG o.s.k.l.KafkaMessageListenerContainer - Received: 0 records
2025-04-12 10:39:03 [task-group-2-C-1] DEBUG o.s.k.l.KafkaMessageListenerContainer - Received: 0 records
2025-04-12 10:39:08 [task-group-1-C-1] DEBUG o.s.k.l.KafkaMessageListenerContainer - Received: 0 records
2025-04-12 10:39:08 [task-group-2-C-1] DEBUG o.s.k.l.KafkaMessageListenerContainer - Received: 0 records
2025-04-12 10:39:13 [task-group-1-C-1] DEBUG o.s.k.l.KafkaMessageListenerContainer - Received: 0 records
2025-04-12 10:39:13 [task-group-2-C-1] DEBUG o.s.k.l.KafkaMessageListenerContainer - Received: 0 records
2025-04-12 10:39:17 [task-group-1-C-1] INFO  o.a.k.c.c.i.ConsumerCoordinator - [Consumer clientId=consumer-task-group-2, groupId=task-group] Member consumer-task-group-2-e8568c90-1e98-4d75-80ea-3a8834daa506 sending LeaveGroup request to coordinator localhost:9092 (id: 2147483646 rack: null) due to the consumer unsubscribed from all topics
2025-04-12 10:39:17 [task-group-2-C-1] INFO  o.a.k.c.c.i.ConsumerCoordinator - [Consumer clientId=consumer-task-group-3, groupId=task-group] Member consumer-task-group-3-eeaf778b-d071-496a-b5c2-6764c62dd86e sending LeaveGroup request to coordinator localhost:9092 (id: 2147483646 rack: null) due to the consumer unsubscribed from all topics
2025-04-12 10:39:17 [task-group-1-C-1] INFO  o.a.k.c.c.i.ConsumerCoordinator - [Consumer clientId=consumer-task-group-2, groupId=task-group] Resetting generation and member id due to: consumer pro-actively leaving the group
2025-04-12 10:39:17 [task-group-2-C-1] INFO  o.a.k.c.c.i.ConsumerCoordinator - [Consumer clientId=consumer-task-group-3, groupId=task-group] Resetting generation and member id due to: consumer pro-actively leaving the group
2025-04-12 10:39:17 [task-group-1-C-1] INFO  o.a.k.c.c.i.ConsumerCoordinator - [Consumer clientId=consumer-task-group-2, groupId=task-group] Request joining group due to: consumer pro-actively leaving the group
2025-04-12 10:39:17 [task-group-2-C-1] INFO  o.a.k.c.c.i.ConsumerCoordinator - [Consumer clientId=consumer-task-group-3, groupId=task-group] Request joining group due to: consumer pro-actively leaving the group
2025-04-12 10:39:17 [task-group-1-C-1] INFO  o.a.k.c.c.i.LegacyKafkaConsumer - [Consumer clientId=consumer-task-group-2, groupId=task-group] Unsubscribed all topics or patterns and assigned partitions
2025-04-12 10:39:17 [task-group-2-C-1] INFO  o.a.k.c.c.i.LegacyKafkaConsumer - [Consumer clientId=consumer-task-group-3, groupId=task-group] Unsubscribed all topics or patterns and assigned partitions
2025-04-12 10:39:17 [task-group-1-C-1] INFO  o.a.k.c.c.i.ConsumerCoordinator - [Consumer clientId=consumer-task-group-2, groupId=task-group] Resetting generation and member id due to: consumer pro-actively leaving the group
2025-04-12 10:39:17 [task-group-2-C-1] INFO  o.a.k.c.c.i.ConsumerCoordinator - [Consumer clientId=consumer-task-group-3, groupId=task-group] Resetting generation and member id due to: consumer pro-actively leaving the group
2025-04-12 10:39:17 [task-group-1-C-1] INFO  o.a.k.c.c.i.ConsumerCoordinator - [Consumer clientId=consumer-task-group-2, groupId=task-group] Request joining group due to: consumer pro-actively leaving the group
2025-04-12 10:39:17 [task-group-2-C-1] INFO  o.a.k.c.c.i.ConsumerCoordinator - [Consumer clientId=consumer-task-group-3, groupId=task-group] Request joining group due to: consumer pro-actively leaving the group
2025-04-12 10:39:17 [task-group-1-C-1] INFO  o.a.kafka.common.metrics.Metrics - Metrics scheduler closed
2025-04-12 10:39:17 [task-group-2-C-1] INFO  o.a.kafka.common.metrics.Metrics - Metrics scheduler closed
2025-04-12 10:39:17 [task-group-1-C-1] INFO  o.a.kafka.common.metrics.Metrics - Closing reporter org.apache.kafka.common.metrics.JmxReporter
2025-04-12 10:39:17 [task-group-2-C-1] INFO  o.a.kafka.common.metrics.Metrics - Closing reporter org.apache.kafka.common.metrics.JmxReporter
2025-04-12 10:39:17 [task-group-1-C-1] INFO  o.a.kafka.common.metrics.Metrics - Closing reporter org.apache.kafka.common.telemetry.internals.ClientTelemetryReporter
2025-04-12 10:39:17 [task-group-2-C-1] INFO  o.a.kafka.common.metrics.Metrics - Closing reporter org.apache.kafka.common.telemetry.internals.ClientTelemetryReporter
2025-04-12 10:39:17 [task-group-2-C-1] INFO  o.a.kafka.common.metrics.Metrics - Metrics reporters closed
2025-04-12 10:39:17 [task-group-1-C-1] INFO  o.a.kafka.common.metrics.Metrics - Metrics reporters closed
2025-04-12 10:39:17 [task-group-0-C-1] INFO  o.a.k.c.c.i.ConsumerRebalanceListenerInvoker - [Consumer clientId=consumer-task-group-1, groupId=task-group] Revoke previously assigned partitions task-updates-0
2025-04-12 10:39:17 [task-group-0-C-1] INFO  o.s.k.l.KafkaMessageListenerContainer - task-group: partitions revoked: [task-updates-0]
2025-04-12 10:39:17 [task-group-0-C-1] INFO  o.a.k.c.c.i.ConsumerCoordinator - [Consumer clientId=consumer-task-group-1, groupId=task-group] Member consumer-task-group-1-6070655d-a3fc-4906-8c43-820fac7ddda3 sending LeaveGroup request to coordinator localhost:9092 (id: 2147483646 rack: null) due to the consumer unsubscribed from all topics
2025-04-12 10:39:17 [task-group-0-C-1] INFO  o.a.k.c.c.i.ConsumerCoordinator - [Consumer clientId=consumer-task-group-1, groupId=task-group] Resetting generation and member id due to: consumer pro-actively leaving the group
2025-04-12 10:39:17 [task-group-0-C-1] INFO  o.a.k.c.c.i.ConsumerCoordinator - [Consumer clientId=consumer-task-group-1, groupId=task-group] Request joining group due to: consumer pro-actively leaving the group
2025-04-12 10:39:17 [task-group-0-C-1] INFO  o.a.k.c.c.i.LegacyKafkaConsumer - [Consumer clientId=consumer-task-group-1, groupId=task-group] Unsubscribed all topics or patterns and assigned partitions
2025-04-12 10:39:17 [task-group-0-C-1] INFO  o.a.k.c.c.i.ConsumerCoordinator - [Consumer clientId=consumer-task-group-1, groupId=task-group] Resetting generation and member id due to: consumer pro-actively leaving the group
2025-04-12 10:39:17 [task-group-0-C-1] INFO  o.a.k.c.c.i.ConsumerCoordinator - [Consumer clientId=consumer-task-group-1, groupId=task-group] Request joining group due to: consumer pro-actively leaving the group
2025-04-12 10:39:17 [task-group-2-C-1] INFO  o.a.kafka.common.utils.AppInfoParser - App info kafka.consumer for consumer-task-group-3 unregistered
2025-04-12 10:39:17 [task-group-1-C-1] INFO  o.a.kafka.common.utils.AppInfoParser - App info kafka.consumer for consumer-task-group-2 unregistered
2025-04-12 10:39:17 [task-group-2-C-1] INFO  o.s.k.l.KafkaMessageListenerContainer - task-group: Consumer stopped
2025-04-12 10:39:17 [task-group-1-C-1] INFO  o.s.k.l.KafkaMessageListenerContainer - task-group: Consumer stopped
2025-04-12 10:39:17 [task-group-2-C-1] DEBUG o.s.k.l.KafkaMessageListenerContainer - KafkaMessageListenerContainer [id=task-group-2, clientIndex=-2, topicPartitions=[]] stopped normally
2025-04-12 10:39:17 [task-group-1-C-1] DEBUG o.s.k.l.KafkaMessageListenerContainer - KafkaMessageListenerContainer [id=task-group-1, clientIndex=-1, topicPartitions=[]] stopped normally
2025-04-12 10:39:17 [task-group-0-C-1] INFO  o.a.kafka.common.metrics.Metrics - Metrics scheduler closed
2025-04-12 10:39:17 [task-group-0-C-1] INFO  o.a.kafka.common.metrics.Metrics - Closing reporter org.apache.kafka.common.metrics.JmxReporter
2025-04-12 10:39:17 [task-group-0-C-1] INFO  o.a.kafka.common.metrics.Metrics - Closing reporter org.apache.kafka.common.telemetry.internals.ClientTelemetryReporter
2025-04-12 10:39:17 [task-group-0-C-1] INFO  o.a.kafka.common.metrics.Metrics - Metrics reporters closed
2025-04-12 10:39:17 [task-group-0-C-1] INFO  o.a.kafka.common.utils.AppInfoParser - App info kafka.consumer for consumer-task-group-1 unregistered
2025-04-12 10:39:17 [task-group-0-C-1] INFO  o.s.k.l.KafkaMessageListenerContainer - task-group: Consumer stopped
2025-04-12 10:39:17 [task-group-0-C-1] DEBUG o.s.k.l.KafkaMessageListenerContainer - KafkaMessageListenerContainer [id=task-group-0, clientIndex=-0, topicPartitions=[]] stopped normally
2025-04-12 10:39:17 [SpringApplicationShutdownHook] INFO  o.s.o.j.LocalContainerEntityManagerFactoryBean - Closing JPA EntityManagerFactory for persistence unit 'default'
2025-04-12 10:39:17 [SpringApplicationShutdownHook] DEBUG org.hibernate.SQL - drop table if exists tasks cascade
2025-04-12 10:39:17 [SpringApplicationShutdownHook] INFO  com.zaxxer.hikari.HikariDataSource - HikariPool-1 - Shutdown initiated...
2025-04-12 10:39:17 [SpringApplicationShutdownHook] INFO  com.zaxxer.hikari.HikariDataSource - HikariPool-1 - Shutdown completed.
